                            AFTERNOON AT THE RACE TRACK - Description of the internal state of the problem
MAN/BRK              SPECTATOR/BETTER              HORSE/JOCKEY PAIR at RACE RN
  Stat  St0  Am0 St1  Am1 St2  Am2 St3  Am3 RN St0 Len0 St1 Len1 St2 Len2 Sr3 Len3 
                                                           Race RN Status  
 RN Dist BS0  BA0 BS1  BA1 BS2  BA2 BS3  BA3  Od0 N0 Ps0 SD0 Od1 N1 Ps1 SD1 Od2 N2 Ps2 SD2 Od3 N3 Ps3 SD3
OTE  WFARTS 1000.0  WFARTS 1000.0  WFARTS 1000.0  WFARTS 1000.0  0 ATS 19 ATS 14 ATS 5 ATS 14 
OTE  WFARTS 1000.0  WFARTS 1000.0  WFARTS 1000.0  WFARTS 1000.0  0 ATS 19 ATS 14 ATP 5 ATS 14 
OTE  WFARTS 1000.0  WFARTS 1000.0  WFARTS 1000.0  WFARTS 1000.0  0 ATS 19 ATP 14 ATP 5 ATS 14 
OTE  WFARTS 1000.0  WFARTS 1000.0  WFARTS 1000.0  WFARTS 1000.0  0 ATP 19 ATP 14 ATP 5 ATS 14 
OTE  WFARTS 1000.0  WFARTS 1000.0  WFARTS 1000.0  WFARTS 1000.0  0 ATP 19 ATP 14 ATP 5 ATP 14 
ANR  WFARTS 1000.0  WFARTS 1000.0  WFARTS 1000.0  WFARTS 1000.0  0 ATP 19 ATP 14 ATP 5 ATP 14 
WFB  WFARTS 1000.0  WFARTS 1000.0  WFARTS 1000.0  WFARTS 1000.0  0 ATP 19 ATP 14 ATP 5 ATP 14 
WFB  WFARTS 1000.0  WFARTS 1000.0  WFARTS 1000.0  ATH 1000.0  0 ATP 19 ATP 14 ATP 5 ATP 14 
WFB  ATH 1000.0  WFARTS 1000.0  WFARTS 1000.0  ATH 1000.0  0 ATP 19 ATP 14 ATP 5 ATP 14 
WFB  ATH 1000.0  WFARTS 1000.0  ATH 1000.0  ATH 1000.0  0 ATP 19 ATP 14 ATP 5 ATP 14 
WFB  ATH 1000.0  ATH 1000.0  ATH 1000.0  ATH 1000.0  0 ATP 19 ATP 14 ATP 5 ATP 14 
WFB  ATH 1000.0  ATH 1000.0  ATH 1000.0  PAB 1000.0  0 ATP 19 ATP 14 ATP 5 ATP 14 
WFB  ATH 1000.0  PAB 1000.0  ATH 1000.0  PAB 1000.0  0 ATP 19 ATP 14 ATP 5 ATP 14 
WFB  ATH 1000.0  PAB 1000.0  ATH 1000.0  WAR 927.0  0 ATP 19 ATP 14 ATP 5 ATP 14 
WFB  ATH 1000.0  WAR 933.0  ATH 1000.0  WAR 927.0  0 ATP 19 ATP 14 ATP 5 ATP 14 
WFB  ATH 1000.0  WAR 933.0  PAB 1000.0  WAR 927.0  0 ATP 19 ATP 14 ATP 5 ATP 14 
WFB  ATH 1000.0  WAR 933.0  WAR 924.0  WAR 927.0  0 ATP 19 ATP 14 ATP 5 ATP 14 
WFB  ATH 1000.0  WAR 933.0  WAR 924.0  WAR 927.0  0 ATP 19 ATP 14 ATSL 5 ATP 14 
WFB  ATH 1000.0  WAR 933.0  WAR 924.0  WAR 927.0  0 ATP 19 ATP 14 ATSL 5 ATSL 14 
WFB  ATH 1000.0  WAR 933.0  WAR 924.0  WAR 927.0  0 ATP 19 ATSL 14 ATSL 5 ATSL 14 
WFB  ATH 1000.0  WAR 933.0  WAR 924.0  WAR 927.0  0 ATSL 19 ATSL 14 ATSL 5 ATSL 14 
WFB  PAB 1000.0  WAR 933.0  WAR 924.0  WAR 927.0  0 ATSL 19 ATSL 14 ATSL 5 ATSL 14 
WFB  WAR 927.0  WAR 933.0  WAR 924.0  WAR 927.0  0 ATSL 19 ATSL 14 ATSL 5 ATSL 14 
STR  WAR 927.0  WAR 933.0  WAR 924.0  WAR 927.0  0 ATSL 19 ATSL 14 ATSL 5 ATSL 14 
STR  WAR 927.0  WAR 933.0  WAR 924.0  WAR 927.0  0 R 19 ATSL 14 ATSL 5 ATSL 14 
STR  WAR 927.0  WAR 933.0  WAR 924.0  WAR 927.0  0 R 19 ATSL 14 R 5 ATSL 14 
STR  WAR 927.0  WAR 933.0  WAR 924.0  WAR 927.0  0 R 19 R 14 R 5 ATSL 14 
STR  WAR 927.0  WAR 933.0  WAR 924.0  WAR 927.0  0 R 19 R 14 R 5 R 14 
STR  WAR 927.0  WAR 933.0  WAR 924.0  WAR 927.0  0 R 19 R 14 R 5 ATFL 14 
STR  WAR 927.0  WAR 933.0  WAR 924.0  WAR 927.0  0 R 19 ATFL 14 R 5 ATFL 14 
STR  WAR 927.0  WAR 933.0  WAR 924.0  WAR 927.0  0 ATFL 19 ATFL 14 R 5 ATFL 14 
STR  WAR 927.0  WAR 933.0  WAR 924.0  WAR 927.0  0 ATFL 19 ATFL 14 ATFL 5 ATFL 14 
PHATB  WAR 927.0  WAR 933.0  WAR 924.0  WAR 927.0  0 ATFL 19 ATFL 14 ATFL 5 ATFL 14 
PHATB  WAR 927.0  WAR 933.0  CTG 924.0  WAR 927.0  0 ATFL 19 ATFL 14 ATFL 5 ATFL 14 
PHATB  WAR 927.0  WAR 933.0  WFARTS 1862.0  WAR 927.0  0 ATFL 19 ATFL 14 ATFL 5 ATFL 14 
PHATB  WAR 927.0  WAR 933.0  ATH 1862.0  WAR 927.0  0 ATFL 19 ATFL 14 ATFL 5 ATFL 14 
PHATB  CTG 927.0  WAR 933.0  ATH 1862.0  WAR 927.0  0 ATFL 19 ATFL 14 ATFL 5 ATFL 14 
PHATB  WFARTS 2314.0  WAR 933.0  ATH 1862.0  WAR 927.0  0 ATFL 19 ATFL 14 ATFL 5 ATFL 14 
PHATB  ATH 2314.0  WAR 933.0  ATH 1862.0  WAR 927.0  0 ATFL 19 ATFL 14 ATFL 5 ATFL 14 
PHATB  ATH 2314.0  WAR 933.0  PAB 1862.0  WAR 927.0  0 ATFL 19 ATFL 14 ATFL 5 ATFL 14 
PHATB  PAB 2314.0  WAR 933.0  PAB 1862.0  WAR 927.0  0 ATFL 19 ATFL 14 ATFL 5 ATFL 14 
