                            AFTERNOON AT THE RACE TRACK - Description of the internal state of the problem
MAN/BRK              SPECTATOR/BETTER              HORSE/JOCKEY PAIR at RACE RN
  Stat  St0  Am0 St1  Am1 St2  Am2 St3  Am3 RN St0 Len0 St1 Len1 St2 Len2 Sr3 Len3 
                                                           Race RN Status  
 RN Dist BS0  BA0 BS1  BA1 BS2  BA2 BS3  BA3  Od0 N0 Ps0 SD0 Od1 N1 Ps1 SD1 Od2 N2 Ps2 SD2 Od3 N3 Ps3 SD3
OTE  WFARTS 1000.0  WFARTS 1000.0  WFARTS 1000.0  WFARTS 1000.0  0 ATS 15 ATS 10 ATS 8 ATS 16 
OTE  WFARTS 1000.0  WFARTS 1000.0  WFARTS 1000.0  WFARTS 1000.0  0 ATS 15 ATS 10 ATP 8 ATS 16 
OTE  WFARTS 1000.0  WFARTS 1000.0  WFARTS 1000.0  WFARTS 1000.0  0 ATS 15 ATS 10 ATP 8 ATP 16 
OTE  WFARTS 1000.0  WFARTS 1000.0  WFARTS 1000.0  WFARTS 1000.0  0 ATP 15 ATS 10 ATP 8 ATP 16 
OTE  WFARTS 1000.0  WFARTS 1000.0  WFARTS 1000.0  WFARTS 1000.0  0 ATP 15 ATP 10 ATP 8 ATP 16 
ANR  WFARTS 1000.0  WFARTS 1000.0  WFARTS 1000.0  WFARTS 1000.0  0 ATP 15 ATP 10 ATP 8 ATP 16 
WFB  WFARTS 1000.0  WFARTS 1000.0  WFARTS 1000.0  WFARTS 1000.0  0 ATP 15 ATP 10 ATP 8 ATP 16 
WFB  WFARTS 1000.0  WFARTS 1000.0  WFARTS 1000.0  ATH 1000.0  0 ATP 15 ATP 10 ATP 8 ATP 16 
WFB  ATH 1000.0  WFARTS 1000.0  WFARTS 1000.0  ATH 1000.0  0 ATP 15 ATP 10 ATP 8 ATP 16 
WFB  ATH 1000.0  WFARTS 1000.0  ATH 1000.0  ATH 1000.0  0 ATP 15 ATP 10 ATP 8 ATP 16 
WFB  ATH 1000.0  ATH 1000.0  ATH 1000.0  ATH 1000.0  0 ATP 15 ATP 10 ATP 8 ATP 16 
WFB  ATH 1000.0  ATH 1000.0  ATH 1000.0  PAB 1000.0  0 ATP 15 ATP 10 ATP 8 ATP 16 
WFB  ATH 1000.0  PAB 1000.0  ATH 1000.0  PAB 1000.0  0 ATP 15 ATP 10 ATP 8 ATP 16 
WFB  ATH 1000.0  PAB 1000.0  ATH 1000.0  WAR 969.0  0 ATP 15 ATP 10 ATP 8 ATP 16 
WFB  ATH 1000.0  WAR 955.0  ATH 1000.0  WAR 969.0  0 ATP 15 ATP 10 ATP 8 ATP 16 
WFB  ATH 1000.0  WAR 955.0  PAB 1000.0  WAR 969.0  0 ATP 15 ATP 10 ATP 8 ATP 16 
WFB  ATH 1000.0  WAR 955.0  WAR 966.0  WAR 969.0  0 ATP 15 ATP 10 ATP 8 ATP 16 
WFB  PAB 1000.0  WAR 955.0  WAR 966.0  WAR 969.0  0 ATP 15 ATP 10 ATP 8 ATP 16 
WFB  PAB 1000.0  WAR 955.0  WAR 966.0  WAR 969.0  0 ATSL 15 ATP 10 ATP 8 ATP 16 
WFB  PAB 1000.0  WAR 955.0  WAR 966.0  WAR 969.0  0 ATSL 15 ATP 10 ATSL 8 ATP 16 
WFB  PAB 1000.0  WAR 955.0  WAR 966.0  WAR 969.0  0 ATSL 15 ATSL 10 ATSL 8 ATP 16 
WFB  PAB 1000.0  WAR 955.0  WAR 966.0  WAR 969.0  0 ATSL 15 ATSL 10 ATSL 8 ATSL 16 
WFB  WAR 950.0  WAR 955.0  WAR 966.0  WAR 969.0  0 ATSL 15 ATSL 10 ATSL 8 ATSL 16 
STR  WAR 950.0  WAR 955.0  WAR 966.0  WAR 969.0  0 ATSL 15 ATSL 10 ATSL 8 ATSL 16 
STR  WAR 950.0  WAR 955.0  WAR 966.0  WAR 969.0  0 R 15 ATSL 10 ATSL 8 ATSL 16 
STR  WAR 950.0  WAR 955.0  WAR 966.0  WAR 969.0  0 R 15 R 10 ATSL 8 ATSL 16 
STR  WAR 950.0  WAR 955.0  WAR 966.0  WAR 969.0  0 R 15 R 10 R 8 ATSL 16 
STR  WAR 950.0  WAR 955.0  WAR 966.0  WAR 969.0  0 R 15 R 10 R 8 R 16 
STR  WAR 950.0  WAR 955.0  WAR 966.0  WAR 969.0  0 R 15 R 10 ATFL 8 R 16 
STR  WAR 950.0  WAR 955.0  WAR 966.0  WAR 969.0  0 ATFL 15 R 10 ATFL 8 R 16 
STR  WAR 950.0  WAR 955.0  WAR 966.0  WAR 969.0  0 ATFL 15 ATFL 10 ATFL 8 R 16 
STR  WAR 950.0  WAR 955.0  WAR 966.0  WAR 969.0  0 ATFL 15 ATFL 10 ATFL 8 ATFL 16 
SA  WAR 950.0  WAR 955.0  WAR 966.0  WAR 969.0  0 ATFL 15 ATFL 10 ATFL 8 ATFL 16 
ANR  WAR 950.0  WAR 955.0  WAR 966.0  WAR 969.0  0 ATFL 15 ATFL 10 ATFL 8 ATFL 16 
WFB  WAR 950.0  WAR 955.0  WAR 966.0  WAR 969.0  0 ATFL 15 ATFL 10 ATFL 8 ATFL 16 
STR  WAR 950.0  WAR 955.0  WAR 966.0  WAR 969.0  0 ATFL 15 ATFL 10 ATFL 8 ATFL 16 
SA  WAR 950.0  WAR 955.0  WAR 966.0  WAR 969.0  0 ATFL 15 ATFL 10 ATFL 8 ATFL 16 
ANR  WAR 950.0  WAR 955.0  WAR 966.0  WAR 969.0  0 ATFL 15 ATFL 10 ATFL 8 ATFL 16 
WFB  WAR 950.0  WAR 955.0  WAR 966.0  WAR 969.0  0 ATFL 15 ATFL 10 ATFL 8 ATFL 16 
STR  WAR 950.0  WAR 955.0  WAR 966.0  WAR 969.0  0 ATFL 15 ATFL 10 ATFL 8 ATFL 16 
SA  WAR 950.0  WAR 955.0  WAR 966.0  WAR 969.0  0 ATFL 15 ATFL 10 ATFL 8 ATFL 16 
ANR  WAR 950.0  WAR 955.0  WAR 966.0  WAR 969.0  0 ATFL 15 ATFL 10 ATFL 8 ATFL 16 
WFB  WAR 950.0  WAR 955.0  WAR 966.0  WAR 969.0  0 ATFL 15 ATFL 10 ATFL 8 ATFL 16 
STR  WAR 950.0  WAR 955.0  WAR 966.0  WAR 969.0  0 ATFL 15 ATFL 10 ATFL 8 ATFL 16 
SA  WAR 950.0  WAR 955.0  WAR 966.0  WAR 969.0  0 ATFL 15 ATFL 10 ATFL 8 ATFL 16 
ANR  WAR 950.0  WAR 955.0  WAR 966.0  WAR 969.0  0 ATFL 15 ATFL 10 ATFL 8 ATFL 16 
WFB  WAR 950.0  WAR 955.0  WAR 966.0  WAR 969.0  0 ATFL 15 ATFL 10 ATFL 8 ATFL 16 
STR  WAR 950.0  WAR 955.0  WAR 966.0  WAR 969.0  0 ATFL 15 ATFL 10 ATFL 8 ATFL 16 
SA  WAR 950.0  WAR 955.0  WAR 966.0  WAR 969.0  0 ATFL 15 ATFL 10 ATFL 8 ATFL 16 
ANR  WAR 950.0  WAR 955.0  WAR 966.0  WAR 969.0  0 ATFL 15 ATFL 10 ATFL 8 ATFL 16 
WFB  WAR 950.0  WAR 955.0  WAR 966.0  WAR 969.0  0 ATFL 15 ATFL 10 ATFL 8 ATFL 16 
STR  WAR 950.0  WAR 955.0  WAR 966.0  WAR 969.0  0 ATFL 15 ATFL 10 ATFL 8 ATFL 16 
SA  WAR 950.0  WAR 955.0  WAR 966.0  WAR 969.0  0 ATFL 15 ATFL 10 ATFL 8 ATFL 16 
ANR  WAR 950.0  WAR 955.0  WAR 966.0  WAR 969.0  0 ATFL 15 ATFL 10 ATFL 8 ATFL 16 
WFB  WAR 950.0  WAR 955.0  WAR 966.0  WAR 969.0  0 ATFL 15 ATFL 10 ATFL 8 ATFL 16 
STR  WAR 950.0  WAR 955.0  WAR 966.0  WAR 969.0  0 ATFL 15 ATFL 10 ATFL 8 ATFL 16 
SA  WAR 950.0  WAR 955.0  WAR 966.0  WAR 969.0  0 ATFL 15 ATFL 10 ATFL 8 ATFL 16 
ANR  WAR 950.0  WAR 955.0  WAR 966.0  WAR 969.0  0 ATFL 15 ATFL 10 ATFL 8 ATFL 16 
WFB  WAR 950.0  WAR 955.0  WAR 966.0  WAR 969.0  0 ATFL 15 ATFL 10 ATFL 8 ATFL 16 
STR  WAR 950.0  WAR 955.0  WAR 966.0  WAR 969.0  0 ATFL 15 ATFL 10 ATFL 8 ATFL 16 
SA  WAR 950.0  WAR 955.0  WAR 966.0  WAR 969.0  0 ATFL 15 ATFL 10 ATFL 8 ATFL 16 
ANR  WAR 950.0  WAR 955.0  WAR 966.0  WAR 969.0  0 ATFL 15 ATFL 10 ATFL 8 ATFL 16 
WFB  WAR 950.0  WAR 955.0  WAR 966.0  WAR 969.0  0 ATFL 15 ATFL 10 ATFL 8 ATFL 16 
STR  WAR 950.0  WAR 955.0  WAR 966.0  WAR 969.0  0 ATFL 15 ATFL 10 ATFL 8 ATFL 16 
SA  WAR 950.0  WAR 955.0  WAR 966.0  WAR 969.0  0 ATFL 15 ATFL 10 ATFL 8 ATFL 16 
ANR  WAR 950.0  WAR 955.0  WAR 966.0  WAR 969.0  0 ATFL 15 ATFL 10 ATFL 8 ATFL 16 
WFB  WAR 950.0  WAR 955.0  WAR 966.0  WAR 969.0  0 ATFL 15 ATFL 10 ATFL 8 ATFL 16 
STR  WAR 950.0  WAR 955.0  WAR 966.0  WAR 969.0  0 ATFL 15 ATFL 10 ATFL 8 ATFL 16 
SA  WAR 950.0  WAR 955.0  WAR 966.0  WAR 969.0  0 ATFL 15 ATFL 10 ATFL 8 ATFL 16 
ANR  WAR 950.0  WAR 955.0  WAR 966.0  WAR 969.0  0 ATFL 15 ATFL 10 ATFL 8 ATFL 16 
WFB  WAR 950.0  WAR 955.0  WAR 966.0  WAR 969.0  0 ATFL 15 ATFL 10 ATFL 8 ATFL 16 
STR  WAR 950.0  WAR 955.0  WAR 966.0  WAR 969.0  0 ATFL 15 ATFL 10 ATFL 8 ATFL 16 
SA  WAR 950.0  WAR 955.0  WAR 966.0  WAR 969.0  0 ATFL 15 ATFL 10 ATFL 8 ATFL 16 
ANR  WAR 950.0  WAR 955.0  WAR 966.0  WAR 969.0  0 ATFL 15 ATFL 10 ATFL 8 ATFL 16 
WFB  WAR 950.0  WAR 955.0  WAR 966.0  WAR 969.0  0 ATFL 15 ATFL 10 ATFL 8 ATFL 16 
STR  WAR 950.0  WAR 955.0  WAR 966.0  WAR 969.0  0 ATFL 15 ATFL 10 ATFL 8 ATFL 16 
SA  WAR 950.0  WAR 955.0  WAR 966.0  WAR 969.0  0 ATFL 15 ATFL 10 ATFL 8 ATFL 16 
ANR  WAR 950.0  WAR 955.0  WAR 966.0  WAR 969.0  0 ATFL 15 ATFL 10 ATFL 8 ATFL 16 
WFB  WAR 950.0  WAR 955.0  WAR 966.0  WAR 969.0  0 ATFL 15 ATFL 10 ATFL 8 ATFL 16 
STR  WAR 950.0  WAR 955.0  WAR 966.0  WAR 969.0  0 ATFL 15 ATFL 10 ATFL 8 ATFL 16 
SA  WAR 950.0  WAR 955.0  WAR 966.0  WAR 969.0  0 ATFL 15 ATFL 10 ATFL 8 ATFL 16 
ANR  WAR 950.0  WAR 955.0  WAR 966.0  WAR 969.0  0 ATFL 15 ATFL 10 ATFL 8 ATFL 16 
WFB  WAR 950.0  WAR 955.0  WAR 966.0  WAR 969.0  0 ATFL 15 ATFL 10 ATFL 8 ATFL 16 
STR  WAR 950.0  WAR 955.0  WAR 966.0  WAR 969.0  0 ATFL 15 ATFL 10 ATFL 8 ATFL 16 
SA  WAR 950.0  WAR 955.0  WAR 966.0  WAR 969.0  0 ATFL 15 ATFL 10 ATFL 8 ATFL 16 
ANR  WAR 950.0  WAR 955.0  WAR 966.0  WAR 969.0  0 ATFL 15 ATFL 10 ATFL 8 ATFL 16 
WFB  WAR 950.0  WAR 955.0  WAR 966.0  WAR 969.0  0 ATFL 15 ATFL 10 ATFL 8 ATFL 16 
STR  WAR 950.0  WAR 955.0  WAR 966.0  WAR 969.0  0 ATFL 15 ATFL 10 ATFL 8 ATFL 16 
SA  WAR 950.0  WAR 955.0  WAR 966.0  WAR 969.0  0 ATFL 15 ATFL 10 ATFL 8 ATFL 16 
ANR  WAR 950.0  WAR 955.0  WAR 966.0  WAR 969.0  0 ATFL 15 ATFL 10 ATFL 8 ATFL 16 
WFB  WAR 950.0  WAR 955.0  WAR 966.0  WAR 969.0  0 ATFL 15 ATFL 10 ATFL 8 ATFL 16 
STR  WAR 950.0  WAR 955.0  WAR 966.0  WAR 969.0  0 ATFL 15 ATFL 10 ATFL 8 ATFL 16 
SA  WAR 950.0  WAR 955.0  WAR 966.0  WAR 969.0  0 ATFL 15 ATFL 10 ATFL 8 ATFL 16 
ANR  WAR 950.0  WAR 955.0  WAR 966.0  WAR 969.0  0 ATFL 15 ATFL 10 ATFL 8 ATFL 16 
WFB  WAR 950.0  WAR 955.0  WAR 966.0  WAR 969.0  0 ATFL 15 ATFL 10 ATFL 8 ATFL 16 
STR  WAR 950.0  WAR 955.0  WAR 966.0  WAR 969.0  0 ATFL 15 ATFL 10 ATFL 8 ATFL 16 
SA  WAR 950.0  WAR 955.0  WAR 966.0  WAR 969.0  0 ATFL 15 ATFL 10 ATFL 8 ATFL 16 
ANR  WAR 950.0  WAR 955.0  WAR 966.0  WAR 969.0  0 ATFL 15 ATFL 10 ATFL 8 ATFL 16 
WFB  WAR 950.0  WAR 955.0  WAR 966.0  WAR 969.0  0 ATFL 15 ATFL 10 ATFL 8 ATFL 16 
STR  WAR 950.0  WAR 955.0  WAR 966.0  WAR 969.0  0 ATFL 15 ATFL 10 ATFL 8 ATFL 16 
SA  WAR 950.0  WAR 955.0  WAR 966.0  WAR 969.0  0 ATFL 15 ATFL 10 ATFL 8 ATFL 16 
ANR  WAR 950.0  WAR 955.0  WAR 966.0  WAR 969.0  0 ATFL 15 ATFL 10 ATFL 8 ATFL 16 
WFB  WAR 950.0  WAR 955.0  WAR 966.0  WAR 969.0  0 ATFL 15 ATFL 10 ATFL 8 ATFL 16 
STR  WAR 950.0  WAR 955.0  WAR 966.0  WAR 969.0  0 ATFL 15 ATFL 10 ATFL 8 ATFL 16 
SA  WAR 950.0  WAR 955.0  WAR 966.0  WAR 969.0  0 ATFL 15 ATFL 10 ATFL 8 ATFL 16 
ANR  WAR 950.0  WAR 955.0  WAR 966.0  WAR 969.0  0 ATFL 15 ATFL 10 ATFL 8 ATFL 16 
WFB  WAR 950.0  WAR 955.0  WAR 966.0  WAR 969.0  0 ATFL 15 ATFL 10 ATFL 8 ATFL 16 
STR  WAR 950.0  WAR 955.0  WAR 966.0  WAR 969.0  0 ATFL 15 ATFL 10 ATFL 8 ATFL 16 
SA  WAR 950.0  WAR 955.0  WAR 966.0  WAR 969.0  0 ATFL 15 ATFL 10 ATFL 8 ATFL 16 
ANR  WAR 950.0  WAR 955.0  WAR 966.0  WAR 969.0  0 ATFL 15 ATFL 10 ATFL 8 ATFL 16 
WFB  WAR 950.0  WAR 955.0  WAR 966.0  WAR 969.0  0 ATFL 15 ATFL 10 ATFL 8 ATFL 16 
STR  WAR 950.0  WAR 955.0  WAR 966.0  WAR 969.0  0 ATFL 15 ATFL 10 ATFL 8 ATFL 16 
SA  WAR 950.0  WAR 955.0  WAR 966.0  WAR 969.0  0 ATFL 15 ATFL 10 ATFL 8 ATFL 16 
ANR  WAR 950.0  WAR 955.0  WAR 966.0  WAR 969.0  0 ATFL 15 ATFL 10 ATFL 8 ATFL 16 
WFB  WAR 950.0  WAR 955.0  WAR 966.0  WAR 969.0  0 ATFL 15 ATFL 10 ATFL 8 ATFL 16 
STR  WAR 950.0  WAR 955.0  WAR 966.0  WAR 969.0  0 ATFL 15 ATFL 10 ATFL 8 ATFL 16 
SA  WAR 950.0  WAR 955.0  WAR 966.0  WAR 969.0  0 ATFL 15 ATFL 10 ATFL 8 ATFL 16 
ANR  WAR 950.0  WAR 955.0  WAR 966.0  WAR 969.0  0 ATFL 15 ATFL 10 ATFL 8 ATFL 16 
WFB  WAR 950.0  WAR 955.0  WAR 966.0  WAR 969.0  0 ATFL 15 ATFL 10 ATFL 8 ATFL 16 
STR  WAR 950.0  WAR 955.0  WAR 966.0  WAR 969.0  0 ATFL 15 ATFL 10 ATFL 8 ATFL 16 
SA  WAR 950.0  WAR 955.0  WAR 966.0  WAR 969.0  0 ATFL 15 ATFL 10 ATFL 8 ATFL 16 
ANR  WAR 950.0  WAR 955.0  WAR 966.0  WAR 969.0  0 ATFL 15 ATFL 10 ATFL 8 ATFL 16 
WFB  WAR 950.0  WAR 955.0  WAR 966.0  WAR 969.0  0 ATFL 15 ATFL 10 ATFL 8 ATFL 16 
STR  WAR 950.0  WAR 955.0  WAR 966.0  WAR 969.0  0 ATFL 15 ATFL 10 ATFL 8 ATFL 16 
SA  WAR 950.0  WAR 955.0  WAR 966.0  WAR 969.0  0 ATFL 15 ATFL 10 ATFL 8 ATFL 16 
ANR  WAR 950.0  WAR 955.0  WAR 966.0  WAR 969.0  0 ATFL 15 ATFL 10 ATFL 8 ATFL 16 
WFB  WAR 950.0  WAR 955.0  WAR 966.0  WAR 969.0  0 ATFL 15 ATFL 10 ATFL 8 ATFL 16 
STR  WAR 950.0  WAR 955.0  WAR 966.0  WAR 969.0  0 ATFL 15 ATFL 10 ATFL 8 ATFL 16 
SA  WAR 950.0  WAR 955.0  WAR 966.0  WAR 969.0  0 ATFL 15 ATFL 10 ATFL 8 ATFL 16 
ANR  WAR 950.0  WAR 955.0  WAR 966.0  WAR 969.0  0 ATFL 15 ATFL 10 ATFL 8 ATFL 16 
WFB  WAR 950.0  WAR 955.0  WAR 966.0  WAR 969.0  0 ATFL 15 ATFL 10 ATFL 8 ATFL 16 
STR  WAR 950.0  WAR 955.0  WAR 966.0  WAR 969.0  0 ATFL 15 ATFL 10 ATFL 8 ATFL 16 
SA  WAR 950.0  WAR 955.0  WAR 966.0  WAR 969.0  0 ATFL 15 ATFL 10 ATFL 8 ATFL 16 
ANR  WAR 950.0  WAR 955.0  WAR 966.0  WAR 969.0  0 ATFL 15 ATFL 10 ATFL 8 ATFL 16 
WFB  WAR 950.0  WAR 955.0  WAR 966.0  WAR 969.0  0 ATFL 15 ATFL 10 ATFL 8 ATFL 16 
STR  WAR 950.0  WAR 955.0  WAR 966.0  WAR 969.0  0 ATFL 15 ATFL 10 ATFL 8 ATFL 16 
SA  WAR 950.0  WAR 955.0  WAR 966.0  WAR 969.0  0 ATFL 15 ATFL 10 ATFL 8 ATFL 16 
ANR  WAR 950.0  WAR 955.0  WAR 966.0  WAR 969.0  0 ATFL 15 ATFL 10 ATFL 8 ATFL 16 
WFB  WAR 950.0  WAR 955.0  WAR 966.0  WAR 969.0  0 ATFL 15 ATFL 10 ATFL 8 ATFL 16 
STR  WAR 950.0  WAR 955.0  WAR 966.0  WAR 969.0  0 ATFL 15 ATFL 10 ATFL 8 ATFL 16 
SA  WAR 950.0  WAR 955.0  WAR 966.0  WAR 969.0  0 ATFL 15 ATFL 10 ATFL 8 ATFL 16 
ANR  WAR 950.0  WAR 955.0  WAR 966.0  WAR 969.0  0 ATFL 15 ATFL 10 ATFL 8 ATFL 16 
WFB  WAR 950.0  WAR 955.0  WAR 966.0  WAR 969.0  0 ATFL 15 ATFL 10 ATFL 8 ATFL 16 
STR  WAR 950.0  WAR 955.0  WAR 966.0  WAR 969.0  0 ATFL 15 ATFL 10 ATFL 8 ATFL 16 
SA  WAR 950.0  WAR 955.0  WAR 966.0  WAR 969.0  0 ATFL 15 ATFL 10 ATFL 8 ATFL 16 
ANR  WAR 950.0  WAR 955.0  WAR 966.0  WAR 969.0  0 ATFL 15 ATFL 10 ATFL 8 ATFL 16 
WFB  WAR 950.0  WAR 955.0  WAR 966.0  WAR 969.0  0 ATFL 15 ATFL 10 ATFL 8 ATFL 16 
STR  WAR 950.0  WAR 955.0  WAR 966.0  WAR 969.0  0 ATFL 15 ATFL 10 ATFL 8 ATFL 16 
SA  WAR 950.0  WAR 955.0  WAR 966.0  WAR 969.0  0 ATFL 15 ATFL 10 ATFL 8 ATFL 16 
ANR  WAR 950.0  WAR 955.0  WAR 966.0  WAR 969.0  0 ATFL 15 ATFL 10 ATFL 8 ATFL 16 
WFB  WAR 950.0  WAR 955.0  WAR 966.0  WAR 969.0  0 ATFL 15 ATFL 10 ATFL 8 ATFL 16 
STR  WAR 950.0  WAR 955.0  WAR 966.0  WAR 969.0  0 ATFL 15 ATFL 10 ATFL 8 ATFL 16 
SA  WAR 950.0  WAR 955.0  WAR 966.0  WAR 969.0  0 ATFL 15 ATFL 10 ATFL 8 ATFL 16 
ANR  WAR 950.0  WAR 955.0  WAR 966.0  WAR 969.0  0 ATFL 15 ATFL 10 ATFL 8 ATFL 16 
WFB  WAR 950.0  WAR 955.0  WAR 966.0  WAR 969.0  0 ATFL 15 ATFL 10 ATFL 8 ATFL 16 
STR  WAR 950.0  WAR 955.0  WAR 966.0  WAR 969.0  0 ATFL 15 ATFL 10 ATFL 8 ATFL 16 
SA  WAR 950.0  WAR 955.0  WAR 966.0  WAR 969.0  0 ATFL 15 ATFL 10 ATFL 8 ATFL 16 
ANR  WAR 950.0  WAR 955.0  WAR 966.0  WAR 969.0  0 ATFL 15 ATFL 10 ATFL 8 ATFL 16 
WFB  WAR 950.0  WAR 955.0  WAR 966.0  WAR 969.0  0 ATFL 15 ATFL 10 ATFL 8 ATFL 16 
STR  WAR 950.0  WAR 955.0  WAR 966.0  WAR 969.0  0 ATFL 15 ATFL 10 ATFL 8 ATFL 16 
SA  WAR 950.0  WAR 955.0  WAR 966.0  WAR 969.0  0 ATFL 15 ATFL 10 ATFL 8 ATFL 16 
ANR  WAR 950.0  WAR 955.0  WAR 966.0  WAR 969.0  0 ATFL 15 ATFL 10 ATFL 8 ATFL 16 
WFB  WAR 950.0  WAR 955.0  WAR 966.0  WAR 969.0  0 ATFL 15 ATFL 10 ATFL 8 ATFL 16 
STR  WAR 950.0  WAR 955.0  WAR 966.0  WAR 969.0  0 ATFL 15 ATFL 10 ATFL 8 ATFL 16 
SA  WAR 950.0  WAR 955.0  WAR 966.0  WAR 969.0  0 ATFL 15 ATFL 10 ATFL 8 ATFL 16 
ANR  WAR 950.0  WAR 955.0  WAR 966.0  WAR 969.0  0 ATFL 15 ATFL 10 ATFL 8 ATFL 16 
WFB  WAR 950.0  WAR 955.0  WAR 966.0  WAR 969.0  0 ATFL 15 ATFL 10 ATFL 8 ATFL 16 
STR  WAR 950.0  WAR 955.0  WAR 966.0  WAR 969.0  0 ATFL 15 ATFL 10 ATFL 8 ATFL 16 
SA  WAR 950.0  WAR 955.0  WAR 966.0  WAR 969.0  0 ATFL 15 ATFL 10 ATFL 8 ATFL 16 
ANR  WAR 950.0  WAR 955.0  WAR 966.0  WAR 969.0  0 ATFL 15 ATFL 10 ATFL 8 ATFL 16 
WFB  WAR 950.0  WAR 955.0  WAR 966.0  WAR 969.0  0 ATFL 15 ATFL 10 ATFL 8 ATFL 16 
STR  WAR 950.0  WAR 955.0  WAR 966.0  WAR 969.0  0 ATFL 15 ATFL 10 ATFL 8 ATFL 16 
SA  WAR 950.0  WAR 955.0  WAR 966.0  WAR 969.0  0 ATFL 15 ATFL 10 ATFL 8 ATFL 16 
ANR  WAR 950.0  WAR 955.0  WAR 966.0  WAR 969.0  0 ATFL 15 ATFL 10 ATFL 8 ATFL 16 
WFB  WAR 950.0  WAR 955.0  WAR 966.0  WAR 969.0  0 ATFL 15 ATFL 10 ATFL 8 ATFL 16 
WFB  CTG 950.0  WAR 955.0  WAR 966.0  WAR 969.0  0 ATFL 15 ATFL 10 ATFL 8 ATFL 16 
STR  CTG 950.0  WAR 955.0  WAR 966.0  WAR 969.0  0 ATFL 15 ATFL 10 ATFL 8 ATFL 16 
SA  CTG 950.0  WAR 955.0  WAR 966.0  WAR 969.0  0 ATFL 15 ATFL 10 ATFL 8 ATFL 16 
ANR  CTG 1400.0  WAR 955.0  WAR 966.0  WAR 969.0  0 ATFL 15 ATFL 10 ATFL 8 ATFL 16 
WFB  CTG 1400.0  WAR 955.0  WAR 966.0  WAR 969.0  0 ATFL 15 ATFL 10 ATFL 8 ATFL 16 
WFB  WFARTS 1400.0  WAR 955.0  WAR 966.0  WAR 969.0  0 ATFL 15 ATFL 10 ATFL 8 ATFL 16 
WFB  ATH 1400.0  WAR 955.0  WAR 966.0  WAR 969.0  0 ATFL 15 ATFL 10 ATFL 8 ATFL 16 
WFB  PAB 1400.0  WAR 955.0  WAR 966.0  WAR 969.0  0 ATFL 15 ATFL 10 ATFL 8 ATFL 16 
WFB  WAR 1384.0  WAR 955.0  WAR 966.0  WAR 969.0  0 ATFL 15 ATFL 10 ATFL 8 ATFL 16 
WFB  WAR 1384.0  CTG 955.0  WAR 966.0  WAR 969.0  0 ATFL 15 ATFL 10 ATFL 8 ATFL 16 
WFB  WAR 1384.0  WFARTS 1405.0  WAR 966.0  WAR 969.0  0 ATFL 15 ATFL 10 ATFL 8 ATFL 16 
WFB  WAR 1384.0  ATH 1405.0  WAR 966.0  WAR 969.0  0 ATFL 15 ATFL 10 ATFL 8 ATFL 16 
WFB  WAR 1384.0  ATH 1405.0  WAR 966.0  CTG 969.0  0 ATFL 15 ATFL 10 ATFL 8 ATFL 16 
WFB  WAR 1384.0  PAB 1405.0  WAR 966.0  CTG 1209.0  0 ATFL 15 ATFL 10 ATFL 8 ATFL 16 
WFB  WAR 1384.0  PAB 1405.0  WAR 966.0  WFARTS 1209.0  0 ATFL 15 ATFL 10 ATFL 8 ATFL 16 
WFB  WAR 1384.0  PAB 1405.0  WAR 966.0  ATH 1209.0  0 ATFL 15 ATFL 10 ATFL 8 ATFL 16 
WFB  WAR 1384.0  WAR 1341.0  WAR 966.0  ATH 1209.0  0 ATFL 15 ATFL 10 ATFL 8 ATFL 16 
WFB  WAR 1384.0  WAR 1341.0  WAR 966.0  PAB 1209.0  0 ATFL 15 ATFL 10 ATFL 8 ATFL 16 
WFB  WAR 1384.0  WAR 1341.0  WAR 966.0  WAR 1130.0  0 ATFL 15 ATFL 10 ATFL 8 ATFL 16 
WFB  WAR 1384.0  CTG 1341.0  WAR 966.0  WAR 1130.0  0 ATFL 15 ATFL 10 ATFL 8 ATFL 16 
WFB  WAR 1384.0  WFARTS 1581.0  WAR 966.0  WAR 1130.0  0 ATFL 15 ATFL 10 ATFL 8 ATFL 16 
WFB  WAR 1384.0  ATH 1581.0  WAR 966.0  WAR 1130.0  0 ATFL 15 ATFL 10 ATFL 8 ATFL 16 
WFB  WAR 1384.0  PAB 1581.0  WAR 966.0  WAR 1130.0  0 ATFL 15 ATFL 10 ATFL 8 ATFL 16 
WFB  WAR 1384.0  WAR 1538.0  WAR 966.0  WAR 1130.0  0 ATFL 15 ATFL 10 ATFL 8 ATFL 16 
