                            AFTERNOON AT THE RACE TRACK - Description of the internal state of the problem
MAN/BRK              SPECTATOR/BETTER              HORSE/JOCKEY PAIR at RACE RN
  Stat  St0  Am0 St1  Am1 St2  Am2 St3  Am3 RN St0 Len0 St1 Len1 St2 Len2 Sr3 Len3 
                                                           Race RN Status  
 RN Dist BS0  BA0 BS1  BA1 BS2  BA2 BS3  BA3  Od0 N0 Ps0 SD0 Od1 N1 Ps1 SD1 Od2 N2 Ps2 SD2 Od3 N3 Ps3 SD3
OTE  WFARTS 1000.0  WFARTS 1000.0  WFARTS 1000.0  WFARTS 1000.0  0 ATS 7 ATS 18 ATS 19 ATS 16 
OTE  WFARTS 1000.0  WFARTS 1000.0  WFARTS 1000.0  WFARTS 1000.0  0 ATS 7 ATS 18 ATS 19 ATP 16 
OTE  WFARTS 1000.0  WFARTS 1000.0  WFARTS 1000.0  WFARTS 1000.0  0 ATS 7 ATS 18 ATP 19 ATP 16 
OTE  WFARTS 1000.0  WFARTS 1000.0  WFARTS 1000.0  WFARTS 1000.0  0 ATS 7 ATP 18 ATP 19 ATP 16 
OTE  WFARTS 1000.0  WFARTS 1000.0  WFARTS 1000.0  WFARTS 1000.0  0 ATP 7 ATP 18 ATP 19 ATP 16 
ANR  WFARTS 1000.0  WFARTS 1000.0  WFARTS 1000.0  WFARTS 1000.0  0 ATP 7 ATP 18 ATP 19 ATP 16 
WFB  WFARTS 1000.0  WFARTS 1000.0  WFARTS 1000.0  WFARTS 1000.0  0 ATP 7 ATP 18 ATP 19 ATP 16 
WFB  WFARTS 1000.0  WFARTS 1000.0  WFARTS 1000.0  ATH 1000.0  0 ATP 7 ATP 18 ATP 19 ATP 16 
WFB  ATH 1000.0  WFARTS 1000.0  WFARTS 1000.0  ATH 1000.0  0 ATP 7 ATP 18 ATP 19 ATP 16 
WFB  ATH 1000.0  ATH 1000.0  WFARTS 1000.0  ATH 1000.0  0 ATP 7 ATP 18 ATP 19 ATP 16 
WFB  ATH 1000.0  ATH 1000.0  ATH 1000.0  ATH 1000.0  0 ATP 7 ATP 18 ATP 19 ATP 16 
WFB  ATH 1000.0  ATH 1000.0  ATH 1000.0  PAB 1000.0  0 ATP 7 ATP 18 ATP 19 ATP 16 
WFB  ATH 1000.0  ATH 1000.0  PAB 1000.0  PAB 1000.0  0 ATP 7 ATP 18 ATP 19 ATP 16 
WFB  ATH 1000.0  ATH 1000.0  PAB 1000.0  WAR 910.0  0 ATP 7 ATP 18 ATP 19 ATP 16 
WFB  ATH 1000.0  PAB 1000.0  PAB 1000.0  WAR 910.0  0 ATP 7 ATP 18 ATP 19 ATP 16 
WFB  ATH 1000.0  PAB 1000.0  WAR 904.0  WAR 910.0  0 ATP 7 ATP 18 ATP 19 ATP 16 
WFB  PAB 1000.0  PAB 1000.0  WAR 904.0  WAR 910.0  0 ATP 7 ATP 18 ATP 19 ATP 16 
WFB  PAB 1000.0  PAB 1000.0  WAR 904.0  WAR 910.0  0 ATSL 7 ATP 18 ATP 19 ATP 16 
WFB  PAB 1000.0  PAB 1000.0  WAR 904.0  WAR 910.0  0 ATSL 7 ATSL 18 ATP 19 ATP 16 
WFB  PAB 1000.0  PAB 1000.0  WAR 904.0  WAR 910.0  0 ATSL 7 ATSL 18 ATSL 19 ATP 16 
WFB  PAB 1000.0  PAB 934.0  WAR 904.0  WAR 910.0  0 ATSL 7 ATSL 18 ATSL 19 ATSL 16 
WFB  PAB 1000.0  WAR 934.0  WAR 904.0  WAR 910.0  0 ATSL 7 ATSL 18 ATSL 19 ATSL 16 
WFB  WAR 959.0  WAR 934.0  WAR 904.0  WAR 910.0  0 ATSL 7 ATSL 18 ATSL 19 ATSL 16 
STR  WAR 959.0  WAR 934.0  WAR 904.0  WAR 910.0  0 ATSL 7 ATSL 18 ATSL 19 ATSL 16 
STR  WAR 959.0  WAR 934.0  WAR 904.0  WAR 910.0  0 R 7 ATSL 18 ATSL 19 ATSL 16 
STR  WAR 959.0  WAR 934.0  WAR 904.0  WAR 910.0  0 R 7 ATSL 18 R 19 ATSL 16 
STR  WAR 959.0  WAR 934.0  WAR 904.0  WAR 910.0  0 R 7 ATSL 18 R 19 R 16 
STR  WAR 959.0  WAR 934.0  WAR 904.0  WAR 910.0  0 R 7 R 18 R 19 R 16 
STR  WAR 959.0  WAR 934.0  WAR 904.0  WAR 910.0  0 R 7 R 18 R 19 ATFL 16 
STR  WAR 959.0  WAR 934.0  WAR 904.0  WAR 910.0  0 R 7 R 18 ATFL 19 ATFL 16 
STR  WAR 959.0  WAR 934.0  WAR 904.0  WAR 910.0  0 ATFL 7 R 18 ATFL 19 ATFL 16 
STR  WAR 959.0  WAR 934.0  WAR 904.0  WAR 910.0  0 ATFL 7 ATFL 18 ATFL 19 ATFL 16 
SA  WAR 959.0  WAR 934.0  WAR 904.0  WAR 910.0  0 ATFL 7 ATFL 18 ATFL 19 ATFL 16 
ANR  WAR 959.0  WAR 934.0  WAR 904.0  WAR 910.0  0 ATFL 7 ATFL 18 ATFL 19 ATFL 16 
WFB  WAR 959.0  WAR 934.0  WAR 904.0  WAR 910.0  0 ATFL 7 ATFL 18 ATFL 19 ATFL 16 
WFB  WAR 959.0  WAR 934.0  CTG 904.0  WAR 910.0  0 ATFL 7 ATFL 18 ATFL 19 ATFL 16 
WFB  CTG 959.0  WAR 934.0  CTG 904.0  WAR 910.0  0 ATFL 7 ATFL 18 ATFL 19 ATFL 16 
STR  CTG 959.0  WAR 934.0  CTG 904.0  WAR 910.0  0 ATFL 7 ATFL 18 ATFL 19 ATFL 16 
SA  CTG 959.0  WAR 934.0  CTG 904.0  WAR 910.0  0 ATFL 7 ATFL 18 ATFL 19 ATFL 16 
ANR  CTG 959.0  WAR 934.0  CTG 904.0  WAR 910.0  0 ATFL 7 ATFL 18 ATFL 19 ATFL 16 
WFB  CTG 959.0  WAR 934.0  CTG 904.0  WAR 910.0  0 ATFL 7 ATFL 18 ATFL 19 ATFL 16 
WFB  WFARTS 1246.0  WAR 934.0  CTG 1191.0  WAR 910.0  0 ATFL 7 ATFL 18 ATFL 19 ATFL 16 
WFB  ATH 1246.0  WAR 934.0  CTG 1191.0  WAR 910.0  0 ATFL 7 ATFL 18 ATFL 19 ATFL 16 
WFB  ATH 1246.0  WAR 934.0  WFARTS 1191.0  WAR 910.0  0 ATFL 7 ATFL 18 ATFL 19 ATFL 16 
WFB  PAB 1246.0  WAR 934.0  WFARTS 1191.0  WAR 910.0  0 ATFL 7 ATFL 18 ATFL 19 ATFL 16 
WFB  PAB 1246.0  WAR 934.0  ATH 1191.0  WAR 910.0  0 ATFL 7 ATFL 18 ATFL 19 ATFL 16 
WFB  WAR 1239.0  WAR 934.0  ATH 1191.0  WAR 910.0  0 ATFL 7 ATFL 18 ATFL 19 ATFL 16 
WFB  WAR 1239.0  WAR 934.0  PAB 1191.0  WAR 910.0  0 ATFL 7 ATFL 18 ATFL 19 ATFL 16 
WFB  WAR 1239.0  WAR 934.0  WAR 1172.0  WAR 910.0  0 ATFL 7 ATFL 18 ATFL 19 ATFL 16 
WFB  CTG 1239.0  WAR 934.0  WAR 1172.0  WAR 910.0  0 ATFL 7 ATFL 18 ATFL 19 ATFL 16 
WFB  WFARTS 2427.0  WAR 934.0  WAR 1172.0  WAR 910.0  0 ATFL 7 ATFL 18 ATFL 19 ATFL 16 
WFB  ATH 2427.0  WAR 934.0  WAR 1172.0  WAR 910.0  0 ATFL 7 ATFL 18 ATFL 19 ATFL 16 
WFB  PAB 2427.0  WAR 934.0  WAR 1172.0  WAR 910.0  0 ATFL 7 ATFL 18 ATFL 19 ATFL 16 
WFB  PAB 2427.0  WAR 934.0  CTG 1172.0  WAR 910.0  0 ATFL 7 ATFL 18 ATFL 19 ATFL 16 
WFB  WAR 2335.0  WAR 934.0  CTG 1172.0  WAR 910.0  0 ATFL 7 ATFL 18 ATFL 19 ATFL 16 
WFB  WAR 2335.0  WAR 934.0  WFARTS 1816.0  WAR 910.0  0 ATFL 7 ATFL 18 ATFL 19 ATFL 16 
WFB  WAR 2335.0  WAR 934.0  ATH 1816.0  WAR 910.0  0 ATFL 7 ATFL 18 ATFL 19 ATFL 16 
WFB  WAR 2335.0  WAR 934.0  PAB 1816.0  WAR 910.0  0 ATFL 7 ATFL 18 ATFL 19 ATFL 16 
WFB  WAR 2335.0  WAR 934.0  WAR 1740.0  WAR 910.0  0 ATFL 7 ATFL 18 ATFL 19 ATFL 16 
