                            AFTERNOON AT THE RACE TRACK - Description of the internal state of the problem
MAN/BRK              SPECTATOR/BETTER              HORSE/JOCKEY PAIR at RACE RN
  Stat  St0  Am0 St1  Am1 St2  Am2 St3  Am3 RN St0 Len0 St1 Len1 St2 Len2 Sr3 Len3 
                                                           Race RN Status  
 RN Dist BS0  BA0 BS1  BA1 BS2  BA2 BS3  BA3  Od0 N0 Ps0 SD0 Od1 N1 Ps1 SD1 Od2 N2 Ps2 SD2 Od3 N3 Ps3 SD3
OTE  WFARTS 1000.0  WFARTS 1000.0  WFARTS 1000.0  WFARTS 1000.0  0 ATS 11 ATS 17 ATS 14 ATS 19 
OTE  WFARTS 1000.0  WFARTS 1000.0  WFARTS 1000.0  WFARTS 1000.0  0 ATS 11 ATS 17 ATP 14 ATS 19 
OTE  WFARTS 1000.0  WFARTS 1000.0  WFARTS 1000.0  WFARTS 1000.0  0 ATS 11 ATS 17 ATP 14 ATP 19 
OTE  WFARTS 1000.0  WFARTS 1000.0  WFARTS 1000.0  WFARTS 1000.0  0 ATS 11 ATP 17 ATP 14 ATP 19 
OTE  WFARTS 1000.0  WFARTS 1000.0  WFARTS 1000.0  WFARTS 1000.0  0 ATP 11 ATP 17 ATP 14 ATP 19 
ANR  WFARTS 1000.0  WFARTS 1000.0  WFARTS 1000.0  WFARTS 1000.0  0 ATP 11 ATP 17 ATP 14 ATP 19 
WFB  WFARTS 1000.0  WFARTS 1000.0  WFARTS 1000.0  WFARTS 1000.0  0 ATP 11 ATP 17 ATP 14 ATP 19 
WFB  WFARTS 1000.0  WFARTS 1000.0  ATH 1000.0  WFARTS 1000.0  0 ATP 11 ATP 17 ATP 14 ATP 19 
WFB  ATH 1000.0  WFARTS 1000.0  ATH 1000.0  WFARTS 1000.0  0 ATP 11 ATP 17 ATP 14 ATP 19 
WFB  ATH 1000.0  WFARTS 1000.0  ATH 1000.0  ATH 1000.0  0 ATP 11 ATP 17 ATP 14 ATP 19 
WFB  ATH 1000.0  ATH 1000.0  ATH 1000.0  ATH 1000.0  0 ATP 11 ATP 17 ATP 14 ATP 19 
WFB  ATH 1000.0  ATH 1000.0  PAB 1000.0  ATH 1000.0  0 ATP 11 ATP 17 ATP 14 ATP 19 
WFB  ATH 1000.0  PAB 1000.0  PAB 1000.0  ATH 1000.0  0 ATP 11 ATP 17 ATP 14 ATP 19 
WFB  ATH 1000.0  PAB 1000.0  WAR 914.0  ATH 1000.0  0 ATP 11 ATP 17 ATP 14 ATP 19 
WFB  ATH 1000.0  WAR 980.0  WAR 914.0  ATH 1000.0  0 ATP 11 ATP 17 ATP 14 ATP 19 
WFB  ATH 1000.0  WAR 980.0  WAR 914.0  PAB 1000.0  0 ATP 11 ATP 17 ATP 14 ATP 19 
WFB  ATH 1000.0  WAR 980.0  WAR 914.0  WAR 944.0  0 ATP 11 ATP 17 ATP 14 ATP 19 
WFB  PAB 1000.0  WAR 980.0  WAR 914.0  WAR 944.0  0 ATP 11 ATP 17 ATP 14 ATP 19 
WFB  PAB 1000.0  WAR 980.0  WAR 914.0  WAR 944.0  0 ATP 11 ATP 17 ATSL 14 ATP 19 
WFB  PAB 1000.0  WAR 980.0  WAR 914.0  WAR 944.0  0 ATP 11 ATSL 17 ATSL 14 ATP 19 
WFB  PAB 1000.0  WAR 980.0  WAR 914.0  WAR 944.0  0 ATP 11 ATSL 17 ATSL 14 ATSL 19 
WFB  PAB 1000.0  WAR 980.0  WAR 914.0  WAR 944.0  0 ATSL 11 ATSL 17 ATSL 14 ATSL 19 
WFB  WAR 964.0  WAR 980.0  WAR 914.0  WAR 944.0  0 ATSL 11 ATSL 17 ATSL 14 ATSL 19 
STR  WAR 964.0  WAR 980.0  WAR 914.0  WAR 944.0  0 ATSL 11 ATSL 17 ATSL 14 ATSL 19 
STR  WAR 964.0  WAR 980.0  WAR 914.0  WAR 944.0  0 ATSL 11 ATSL 17 R 14 ATSL 19 
STR  WAR 964.0  WAR 980.0  WAR 914.0  WAR 944.0  0 R 11 ATSL 17 R 14 ATSL 19 
STR  WAR 964.0  WAR 980.0  WAR 914.0  WAR 944.0  0 R 11 R 17 R 14 ATSL 19 
STR  WAR 964.0  WAR 980.0  WAR 914.0  WAR 944.0  0 R 11 R 17 R 14 R 19 
STR  WAR 964.0  WAR 980.0  WAR 914.0  WAR 944.0  0 R 11 R 17 R 14 ATFL 19 
STR  WAR 964.0  WAR 980.0  WAR 914.0  WAR 944.0  0 R 11 ATFL 17 R 14 ATFL 19 
STR  WAR 964.0  WAR 980.0  WAR 914.0  WAR 944.0  0 ATFL 11 ATFL 17 R 14 ATFL 19 
STR  WAR 964.0  WAR 980.0  WAR 914.0  WAR 944.0  0 ATFL 11 ATFL 17 ATFL 14 ATFL 19 
STR  WAR 964.0  WAR 980.0  WAR 914.0  WAR 944.0  0 ATFL 11 ATS 17 ATFL 14 ATFL 19 
STR  WAR 964.0  WAR 980.0  WAR 914.0  WAR 944.0  0 ATS 11 ATS 17 ATFL 14 ATFL 19 
STR  WAR 964.0  WAR 980.0  WAR 914.0  WAR 944.0  0 ATS 11 ATS 17 ATS 14 ATFL 19 
STR  WAR 964.0  WAR 980.0  WAR 914.0  WAR 944.0  0 ATS 11 ATS 17 ATS 14 ATS 19 
STR  WAR 964.0  WAR 980.0  WAR 914.0  WAR 944.0  0 ATP 11 ATS 17 ATS 14 ATS 19 
STR  WAR 964.0  WAR 980.0  WAR 914.0  WAR 944.0  0 ATSL 11 ATS 17 ATS 14 ATS 19 
STR  WAR 964.0  WAR 980.0  WAR 914.0  WAR 944.0  0 ATSL 11 ATP 17 ATS 14 ATS 19 
STR  WAR 964.0  WAR 980.0  WAR 914.0  WAR 944.0  0 ATSL 11 ATP 17 ATS 14 ATP 19 
STR  WAR 964.0  WAR 980.0  WAR 914.0  WAR 944.0  0 ATSL 11 ATP 17 ATP 14 ATP 19 
STR  WAR 964.0  WAR 980.0  WAR 914.0  WAR 944.0  0 ATSL 11 ATSL 17 ATP 14 ATP 19 
STR  WAR 964.0  WAR 980.0  WAR 914.0  WAR 944.0  0 ATSL 11 ATSL 17 ATP 14 ATSL 19 
STR  WAR 964.0  WAR 980.0  WAR 914.0  WAR 944.0  0 ATSL 11 ATSL 17 ATSL 14 ATSL 19 
